::1 - - [04/Jul/2018:13:10:37 +0000] "GET /api/users HTTP/1.1" 200 703 "-" "PostmanRuntime/7.1.5"
::1 - - [09/Jul/2018:08:23:32 +0000] "GET /api/rooms HTTP/1.1" 200 822 "-" "PostmanRuntime/7.1.5"
::1 - - [09/Jul/2018:08:30:59 +0000] "GET /api/equipment HTTP/1.1" 200 452 "-" "PostmanRuntime/7.1.5"
::1 - - [09/Jul/2018:08:32:19 +0000] "GET /api/rooms/5b37e58e60185b6c3239408f HTTP/1.1" 200 4 "-" "PostmanRuntime/7.1.5"
::1 - - [09/Jul/2018:08:32:25 +0000] "GET /api/rooms/232123 HTTP/1.1" 500 187 "-" "PostmanRuntime/7.1.5"
::1 - - [09/Jul/2018:08:32:30 +0000] "GET /api/rooms/sdsdsddsf HTTP/1.1" 500 196 "-" "PostmanRuntime/7.1.5"
::1 - - [09/Jul/2018:08:32:39 +0000] "GET /api/rooms/5b37e58e60185b6c3239408f HTTP/1.1" 200 4 "-" "PostmanRuntime/7.1.5"
::1 - - [09/Jul/2018:08:33:38 +0000] "GET /api/rooms HTTP/1.1" 200 822 "-" "PostmanRuntime/7.1.5"
::1 - - [09/Jul/2018:08:33:51 +0000] "GET /api/equipment/5b37e7a483ba4d6e5f5fbbe1 HTTP/1.1" 200 89 "-" "PostmanRuntime/7.1.5"
::1 - - [09/Jul/2018:08:34:02 +0000] "GET /api/equipment/5b37e7a483ba4d6e5f5fbbe1 HTTP/1.1" 200 89 "-" "PostmanRuntime/7.1.5"
::1 - - [09/Jul/2018:08:34:10 +0000] "GET /api/equipment/5b37e7a883ba4d6e5f5fbbe2 HTTP/1.1" 200 87 "-" "PostmanRuntime/7.1.5"
::1 - - [09/Jul/2018:08:34:17 +0000] "GET /api/equipment/5b3897fb9ca0e580ac90146d HTTP/1.1" 200 90 "-" "PostmanRuntime/7.1.5"
::1 - - [09/Jul/2018:08:34:35 +0000] "GET /api/equipment/%225b37e7a483ba4d6e5f5fbbe1%22 HTTP/1.1" 500 258 "-" "PostmanRuntime/7.1.5"
::1 - - [09/Jul/2018:08:34:59 +0000] "GET /api/equipment/5b37e7a483ba4d6e5f5fbbe1 HTTP/1.1" 200 89 "-" "PostmanRuntime/7.1.5"
::1 - - [09/Jul/2018:09:12:56 +0000] "GET /api/rooms HTTP/1.1" 200 822 "-" "PostmanRuntime/7.1.5"
::1 - - [09/Jul/2018:09:16:39 +0000] "GET /api/rooms HTTP/1.1" 200 822 "-" "PostmanRuntime/7.1.5"
::1 - - [09/Jul/2018:09:16:52 +0000] "GET /api/rooms HTTP/1.1" 400 175 "-" "PostmanRuntime/7.1.5"
::1 - - [09/Jul/2018:09:16:58 +0000] "GET /api/rooms HTTP/1.1" 200 822 "-" "PostmanRuntime/7.1.5"
::1 - - [09/Jul/2018:09:17:16 +0000] "GET /api/rooms HTTP/1.1" 400 175 "-" "PostmanRuntime/7.1.5"
::1 - - [09/Jul/2018:09:20:22 +0000] "GET /api/rooms/1 HTTP/1.1" 500 2260 "-" "PostmanRuntime/7.1.5"
::1 - - [09/Jul/2018:09:20:37 +0000] "GET /api/rooms/1 HTTP/1.1" 400 17 "-" "PostmanRuntime/7.1.5"
::1 - - [09/Jul/2018:09:22:06 +0000] "GET /api/rooms/1 HTTP/1.1" 400 17 "-" "PostmanRuntime/7.1.5"
::1 - - [09/Jul/2018:09:22:28 +0000] "GET /api/rooms/1 HTTP/1.1" 500 2260 "-" "PostmanRuntime/7.1.5"
::1 - - [09/Jul/2018:09:24:52 +0000] "GET /api/rooms/1 HTTP/1.1" 400 17 "-" "PostmanRuntime/7.1.5"
::1 - - [09/Jul/2018:09:28:50 +0000] "GET /api/rooms/1 HTTP/1.1" 500 2229 "-" "PostmanRuntime/7.1.5"
::1 - - [09/Jul/2018:09:29:23 +0000] "GET /api/rooms/1 HTTP/1.1" 400 17 "-" "PostmanRuntime/7.1.5"
::1 - - [09/Jul/2018:09:31:35 +0000] "GET /api/users/1 HTTP/1.1" 400 17 "-" "PostmanRuntime/7.1.5"
::1 - - [09/Jul/2018:09:33:00 +0000] "GET /api/rooms/1 HTTP/1.1" 400 17 "-" "PostmanRuntime/7.1.5"
::1 - - [09/Jul/2018:09:33:05 +0000] "GET /api/equipment/1 HTTP/1.1" 400 22 "-" "PostmanRuntime/7.1.5"
::1 - - [09/Jul/2018:09:33:10 +0000] "GET /api/booking/1 HTTP/1.1" 404 152 "-" "PostmanRuntime/7.1.5"
::1 - - [09/Jul/2018:09:33:19 +0000] "GET /api/bookings/1 HTTP/1.1" 400 20 "-" "PostmanRuntime/7.1.5"
::1 - - [09/Jul/2018:09:33:25 +0000] "GET /api/rooms HTTP/1.1" 400 175 "-" "PostmanRuntime/7.1.5"
::1 - - [09/Jul/2018:09:38:57 +0000] "GET /api/rooms HTTP/1.1" 400 175 "-" "PostmanRuntime/7.1.5"
::1 - - [09/Jul/2018:09:40:29 +0000] "GET /api/equipment HTTP/1.1" 200 452 "-" "PostmanRuntime/7.1.5"
::1 - - [09/Jul/2018:09:40:48 +0000] "DELETE /api/equipment/5b37e7a483ba4d6e5f5fbbe1 HTTP/1.1" 200 89 "-" "PostmanRuntime/7.1.5"
::1 - - [09/Jul/2018:09:41:14 +0000] "DELETE /api/equipment/5b37e7a883ba4d6e5f5fbbe2 HTTP/1.1" 200 87 "-" "PostmanRuntime/7.1.5"
::1 - - [09/Jul/2018:09:41:17 +0000] "GET /api/equipment HTTP/1.1" 200 274 "-" "PostmanRuntime/7.1.5"
::1 - - [09/Jul/2018:09:41:35 +0000] "GET /api/rooms HTTP/1.1" 400 175 "-" "PostmanRuntime/7.1.5"
::1 - - [09/Jul/2018:09:42:06 +0000] "GET /api/rooms HTTP/1.1" 200 822 "-" "PostmanRuntime/7.1.5"
::1 - - [09/Jul/2018:09:42:38 +0000] "DELETE /api/rooms/5b37d98a1523bf6b80106225 HTTP/1.1" 200 129 "-" "PostmanRuntime/7.1.5"
::1 - - [09/Jul/2018:09:43:03 +0000] "DELETE /api/rooms/5b37e58a60185b6c3239408e HTTP/1.1" 200 130 "-" "PostmanRuntime/7.1.5"
::1 - - [09/Jul/2018:09:43:08 +0000] "GET /api/rooms HTTP/1.1" 200 561 "-" "PostmanRuntime/7.1.5"
::1 - - [09/Jul/2018:09:43:13 +0000] "DELETE /api/rooms/5b37e59460185b6c32394090 HTTP/1.1" 200 129 "-" "PostmanRuntime/7.1.5"
::1 - - [09/Jul/2018:09:43:16 +0000] "GET /api/rooms HTTP/1.1" 200 431 "-" "PostmanRuntime/7.1.5"
::1 - - [09/Jul/2018:09:43:33 +0000] "GET /api/rooms HTTP/1.1" 200 451 "-" "PostmanRuntime/7.1.5"
::1 - - [09/Jul/2018:09:43:59 +0000] "GET /api/rooms HTTP/1.1" 200 431 "-" "PostmanRuntime/7.1.5"
::1 - - [09/Jul/2018:09:44:10 +0000] "GET /api/rooms HTTP/1.1" 200 431 "-" "PostmanRuntime/7.1.5"
::1 - - [09/Jul/2018:09:44:15 +0000] "GET /api/rooms HTTP/1.1" 200 451 "-" "PostmanRuntime/7.1.5"
::1 - - [09/Jul/2018:09:46:25 +0000] "GET /api/rooms HTTP/1.1" 200 451 "-" "PostmanRuntime/7.1.5"
::1 - - [09/Jul/2018:09:46:38 +0000] "GET /api/rooms HTTP/1.1" 200 451 "-" "PostmanRuntime/7.1.5"
::1 - - [09/Jul/2018:09:46:43 +0000] "GET /api/rooms HTTP/1.1" 200 451 "-" "PostmanRuntime/7.1.5"
::1 - - [09/Jul/2018:09:51:42 +0000] "GET /api/rooms HTTP/1.1" 200 431 "-" "PostmanRuntime/7.1.5"
::1 - - [09/Jul/2018:09:51:56 +0000] "GET /api/equipment/5b37e7a483ba4d6e5f5fbbe1 HTTP/1.1" 200 4 "-" "PostmanRuntime/7.1.5"
::1 - - [09/Jul/2018:09:52:04 +0000] "GET /api/equipment/5b37e7a883ba4d6e5f5fbbe2 HTTP/1.1" 200 4 "-" "PostmanRuntime/7.1.5"
::1 - - [09/Jul/2018:09:52:12 +0000] "GET /api/equipment/5b3897fb9ca0e580ac90146d HTTP/1.1" 200 90 "-" "PostmanRuntime/7.1.5"
::1 - - [09/Jul/2018:09:52:25 +0000] "GET /api/equipment HTTP/1.1" 200 274 "-" "PostmanRuntime/7.1.5"
::1 - - [09/Jul/2018:09:52:43 +0000] "POST /api/rooms HTTP/1.1" 200 134 "-" "PostmanRuntime/7.1.5"
::1 - - [09/Jul/2018:09:52:48 +0000] "GET /api/rooms HTTP/1.1" 200 566 "-" "PostmanRuntime/7.1.5"
::1 - - [09/Jul/2018:09:52:56 +0000] "GET /api/rooms HTTP/1.1" 200 586 "-" "PostmanRuntime/7.1.5"
::1 - - [09/Jul/2018:09:53:42 +0000] "POST /api/rooms HTTP/1.1" 400 659 "-" "PostmanRuntime/7.1.5"
::1 - - [09/Jul/2018:09:53:59 +0000] "POST /api/rooms HTTP/1.1" 200 214 "-" "PostmanRuntime/7.1.5"
::1 - - [09/Jul/2018:09:54:04 +0000] "GET /api/rooms HTTP/1.1" 200 993 "-" "PostmanRuntime/7.1.5"
::1 - - [09/Jul/2018:09:55:58 +0000] "GET /api/rooms HTTP/1.1" 200 993 "-" "PostmanRuntime/7.1.5"
::1 - - [09/Jul/2018:10:01:10 +0000] "GET /api/bookings HTTP/1.1" 200 1045 "-" "PostmanRuntime/7.1.5"
::1 - - [09/Jul/2018:10:02:39 +0000] "GET /api/bookings HTTP/1.1" 200 957 "-" "PostmanRuntime/7.1.5"
::1 - - [09/Jul/2018:10:03:39 +0000] "GET /api/users HTTP/1.1" 200 703 "-" "PostmanRuntime/7.1.5"
::1 - - [09/Jul/2018:10:03:46 +0000] "GET /api/rooms HTTP/1.1" 200 993 "-" "PostmanRuntime/7.1.5"
::1 - - [09/Jul/2018:10:04:29 +0000] "POST /api/bookings HTTP/1.1" 400 371 "-" "PostmanRuntime/7.1.5"
::1 - - [09/Jul/2018:10:04:48 +0000] "POST /api/bookings HTTP/1.1" 200 217 "-" "PostmanRuntime/7.1.5"
::1 - - [09/Jul/2018:10:04:53 +0000] "GET /api/bookings HTTP/1.1" 200 1572 "-" "PostmanRuntime/7.1.5"
::1 - - [09/Jul/2018:10:05:18 +0000] "GET /api/bookings HTTP/1.1" 200 1411 "-" "PostmanRuntime/7.1.5"
::1 - - [09/Jul/2018:10:05:37 +0000] "GET /api/bookings HTTP/1.1" 200 1345 "-" "PostmanRuntime/7.1.5"
::1 - - [09/Jul/2018:10:05:52 +0000] "GET /api/bookings HTTP/1.1" 200 1300 "-" "PostmanRuntime/7.1.5"
::1 - - [09/Jul/2018:10:06:03 +0000] "GET /api/bookings HTTP/1.1" 200 1461 "-" "PostmanRuntime/7.1.5"
::1 - - [09/Jul/2018:10:06:47 +0000] "GET /api/bookings HTTP/1.1" 200 1366 "-" "PostmanRuntime/7.1.5"
