unhandledRejection::1 - - [10/Jul/2018:09:56:39 +0000] "POST /api/users HTTP/1.1" 400 55 "-" "PostmanRuntime/7.1.5"
::1 - - [10/Jul/2018:09:56:56 +0000] "POST /api/users HTTP/1.1" 200 201 "-" "PostmanRuntime/7.1.5"
::1 - - [10/Jul/2018:09:57:10 +0000] "GET /api/users HTTP/1.1" 200 905 "-" "PostmanRuntime/7.1.5"
::1 - - [10/Jul/2018:09:58:24 +0000] "POST /api/auth/login HTTP/1.1" 400 24 "-" "PostmanRuntime/7.1.5"
::1 - - [10/Jul/2018:09:59:25 +0000] "GET /api/users HTTP/1.1" 200 905 "-" "PostmanRuntime/7.1.5"
::1 - - [10/Jul/2018:09:59:49 +0000] "DELETE /api/users/5b4482e7548692620d7853ac HTTP/1.1" 200 201 "-" "PostmanRuntime/7.1.5"
::1 - - [10/Jul/2018:09:59:52 +0000] "GET /api/users HTTP/1.1" 200 703 "-" "PostmanRuntime/7.1.5"
::1 - - [10/Jul/2018:10:00:35 +0000] "POST /api/users HTTP/1.1" 200 201 "-" "PostmanRuntime/7.1.5"
::1 - - [10/Jul/2018:10:00:35 +0000] "POST /api/users HTTP/1.1" 400 55 "-" "PostmanRuntime/7.1.5"
::1 - - [10/Jul/2018:10:00:50 +0000] "POST /api/auth/login HTTP/1.1" 200 17 "-" "PostmanRuntime/7.1.5"
::1 - - [10/Jul/2018:10:00:56 +0000] "POST /api/auth/login HTTP/1.1" 400 24 "-" "PostmanRuntime/7.1.5"
::1 - - [10/Jul/2018:10:01:01 +0000] "POST /api/auth/login HTTP/1.1" 200 17 "-" "PostmanRuntime/7.1.5"
::1 - - [10/Jul/2018:10:01:11 +0000] "GET /api/users HTTP/1.1" 200 905 "-" "PostmanRuntime/7.1.5"
::1 - - [10/Jul/2018:10:19:40 +0000] "POST /api/auth/login HTTP/1.1" 200 105 "-" "PostmanRuntime/7.1.5"
::1 - - [10/Jul/2018:10:21:19 +0000] "POST /api/auth/login HTTP/1.1" 200 105 "-" "PostmanRuntime/7.1.5"
::1 - - [10/Jul/2018:10:46:12 +0000] "POST /api/auth/login HTTP/1.1" 200 105 "-" "PostmanRuntime/7.1.5"
::1 - - [10/Jul/2018:10:47:57 +0000] "POST /api/auth/login HTTP/1.1" 200 - "-" "PostmanRuntime/7.1.5"
::1 - - [10/Jul/2018:11:04:56 +0000] "POST /api/auth/login HTTP/1.1" 200 - "-" "PostmanRuntime/7.1.5"
::1 - - [10/Jul/2018:11:40:21 +0000] "POST /api/auth/login HTTP/1.1" 200 - "-" "PostmanRuntime/7.1.5"
::1 - - [10/Jul/2018:11:40:34 +0000] "POST /api/auth/login HTTP/1.1" 200 - "-" "PostmanRuntime/7.1.5"
::1 - - [10/Jul/2018:12:04:03 +0000] "GET /api/users HTTP/1.1" 403 33 "-" "PostmanRuntime/7.1.5"
::1 - - [10/Jul/2018:12:04:49 +0000] "GET /api/users HTTP/1.1" 403 43 "-" "PostmanRuntime/7.1.5"
::1 - - [10/Jul/2018:12:05:20 +0000] "POST /api/auth/login HTTP/1.1" 200 - "-" "PostmanRuntime/7.1.5"
::1 - - [10/Jul/2018:12:05:57 +0000] "GET /api/users HTTP/1.1" 403 43 "-" "PostmanRuntime/7.1.5"
::1 - - [10/Jul/2018:12:06:00 +0000] "GET /api/users HTTP/1.1" 403 43 "-" "PostmanRuntime/7.1.5"
::1 - - [10/Jul/2018:12:06:12 +0000] "GET /api/users HTTP/1.1" 403 46 "-" "PostmanRuntime/7.1.5"
::1 - - [10/Jul/2018:12:06:23 +0000] "GET /api/users HTTP/1.1" 200 905 "-" "PostmanRuntime/7.1.5"
::1 - - [10/Jul/2018:12:08:00 +0000] "GET /api/users/5b37d5684c59c669eb4af518 HTTP/1.1" 403 43 "-" "PostmanRuntime/7.1.5"
::1 - - [10/Jul/2018:12:08:02 +0000] "GET /api/users/5b37d5684c59c669eb4af518 HTTP/1.1" 200 147 "-" "PostmanRuntime/7.1.5"
::1 - - [10/Jul/2018:12:10:59 +0000] "GET /api/users/id HTTP/1.1" 400 17 "-" "PostmanRuntime/7.1.5"
::1 - - [10/Jul/2018:12:11:17 +0000] "GET /api/users/5b37d5684c59c669eb4af518 HTTP/1.1" 200 147 "-" "PostmanRuntime/7.1.5"
::1 - - [10/Jul/2018:12:11:34 +0000] "GET /api/users HTTP/1.1" 200 905 "-" "PostmanRuntime/7.1.5"
::1 - - [10/Jul/2018:12:11:42 +0000] "GET /api/users/5b37d5684c59c669eb4af518 HTTP/1.1" 200 147 "-" "PostmanRuntime/7.1.5"
::1 - - [10/Jul/2018:12:11:53 +0000] "POST /api/users HTTP/1.1" 403 43 "-" "PostmanRuntime/7.1.5"
::1 - - [10/Jul/2018:12:12:05 +0000] "POST /api/users HTTP/1.1" 400 55 "-" "PostmanRuntime/7.1.5"
::1 - - [10/Jul/2018:12:12:26 +0000] "DELETE /api/users/5b4482e7548692620d7853ac HTTP/1.1" 200 4 "-" "PostmanRuntime/7.1.5"
::1 - - [10/Jul/2018:12:12:38 +0000] "GET /api/rooms HTTP/1.1" 403 43 "-" "PostmanRuntime/7.1.5"
::1 - - [10/Jul/2018:12:12:51 +0000] "GET /api/rooms HTTP/1.1" 200 993 "-" "PostmanRuntime/7.1.5"
::1 - - [10/Jul/2018:12:13:05 +0000] "GET /api/rooms/5b389c33845dd78338262a98 HTTP/1.1" 403 43 "-" "PostmanRuntime/7.1.5"
::1 - - [10/Jul/2018:12:13:31 +0000] "GET /api/rooms/5b389c33845dd78338262a98 HTTP/1.1" 200 214 "-" "PostmanRuntime/7.1.5"
::1 - - [10/Jul/2018:12:13:43 +0000] "POST /api/rooms HTTP/1.1" 200 134 "-" "PostmanRuntime/7.1.5"
::1 - - [10/Jul/2018:12:13:54 +0000] "DELETE /api/rooms/5b37d98a1523bf6b80106225 HTTP/1.1" 200 4 "-" "PostmanRuntime/7.1.5"
::1 - - [10/Jul/2018:12:14:59 +0000] "POST /api/bookings HTTP/1.1" 403 43 "-" "PostmanRuntime/7.1.5"
::1 - - [10/Jul/2018:12:15:09 +0000] "POST /api/bookings HTTP/1.1" 200 217 "-" "PostmanRuntime/7.1.5"
::1 - - [10/Jul/2018:12:15:22 +0000] "GET /api/bookings HTTP/1.1" 403 43 "-" "PostmanRuntime/7.1.5"
::1 - - [10/Jul/2018:12:15:30 +0000] "GET /api/bookings HTTP/1.1" 200 1646 "-" "PostmanRuntime/7.1.5"
::1 - - [10/Jul/2018:12:15:36 +0000] "POST /api/bookings HTTP/1.1" 200 217 "-" "PostmanRuntime/7.1.5"
::1 - - [10/Jul/2018:12:15:43 +0000] "GET /api/bookings/5b44a3682d146d0a1f5762b2 HTTP/1.1" 403 43 "-" "PostmanRuntime/7.1.5"
::1 - - [10/Jul/2018:12:15:58 +0000] "GET /api/bookings/5b44a3682d146d0a1f5762b2 HTTP/1.1" 200 217 "-" "PostmanRuntime/7.1.5"
::1 - - [10/Jul/2018:12:18:19 +0000] "GET /api/equipment HTTP/1.1" 403 43 "-" "PostmanRuntime/7.1.5"
::1 - - [10/Jul/2018:12:18:37 +0000] "GET /api/equipment HTTP/1.1" 200 274 "-" "PostmanRuntime/7.1.5"
::1 - - [10/Jul/2018:12:18:43 +0000] "GET /api/equipment HTTP/1.1" 200 274 "-" "PostmanRuntime/7.1.5"
::1 - - [10/Jul/2018:12:19:27 +0000] "GET /api/equipment/5b3897f99ca0e580ac90146c HTTP/1.1" 200 90 "-" "PostmanRuntime/7.1.5"
::1 - - [10/Jul/2018:12:19:38 +0000] "POST /api/equipment HTTP/1.1" 200 90 "-" "PostmanRuntime/7.1.5"
::1 - - [10/Jul/2018:12:19:47 +0000] "DELETE /api/equipment/5b37e7a483ba4d6e5f5fbbe1 HTTP/1.1" 200 4 "-" "PostmanRuntime/7.1.5"
::1 - - [10/Jul/2018:16:46:50 +0000] "GET /api/users HTTP/1.1" 200 905 "-" "PostmanRuntime/7.1.5"
::1 - - [10/Jul/2018:16:48:53 +0000] "GET /api/users HTTP/1.1" 200 905 "-" "PostmanRuntime/7.1.5"
::1 - - [10/Jul/2018:16:48:53 +0000] "GET /api/users HTTP/1.1" 200 905 "-" "PostmanRuntime/7.1.5"
::1 - - [10/Jul/2018:16:49:01 +0000] "GET /api/users HTTP/1.1" 430 89 "-" "PostmanRuntime/7.1.5"
::1 - - [10/Jul/2018:17:22:49 +0000] "GET /api/bookings HTTP/1.1" 200 1926 "-" "PostmanRuntime/7.1.5"
::1 - - [10/Jul/2018:17:33:46 +0000] "DELETE /api/bookings/5b44a3682d146d0a1f5762b2 HTTP/1.1" 200 217 "-" "PostmanRuntime/7.1.5"
::1 - - [10/Jul/2018:17:33:58 +0000] "GET /api/bookings HTTP/1.1" 200 1646 "-" "PostmanRuntime/7.1.5"
::1 - - [10/Jul/2018:17:34:11 +0000] "GET /api/bookings/5b44a3682d146d0a1f5762b2 HTTP/1.1" 200 4 "-" "PostmanRuntime/7.1.5"
::1 - - [10/Jul/2018:17:34:19 +0000] "DELETE /api/bookings/5b44a3682d146d0a1f5762b2 HTTP/1.1" 200 4 "-" "PostmanRuntime/7.1.5"
::1 - - [10/Jul/2018:17:36:21 +0000] "DELETE /api/bookings/5b44a3682d146d0a1f5762b2 HTTP/1.1" 200 4 "-" "PostmanRuntime/7.1.5"
::1 - - [10/Jul/2018:17:36:32 +0000] "DELETE /api/bookings/5b44a34d2d146d0a1f5762b1 HTTP/1.1" 200 217 "-" "PostmanRuntime/7.1.5"
::1 - - [10/Jul/2018:17:36:56 +0000] "POST /api/users HTTP/1.1" 200 197 "-" "PostmanRuntime/7.1.5"
::1 - - [10/Jul/2018:17:37:17 +0000] "POST /api/auth/login HTTP/1.1" 200 - "-" "PostmanRuntime/7.1.5"
::1 - - [10/Jul/2018:17:37:38 +0000] "GET /api/bookings HTTP/1.1" 200 1366 "-" "PostmanRuntime/7.1.5"
::1 - - [10/Jul/2018:17:37:45 +0000] "DELETE /api/bookings/5b433340932b1843a7ef9079 HTTP/1.1" 200 217 "-" "PostmanRuntime/7.1.5"
::1 - - [10/Jul/2018:17:37:53 +0000] "GET /api/bookings HTTP/1.1" 200 971 "-" "PostmanRuntime/7.1.5"
::1 - - [10/Jul/2018:17:38:09 +0000] "DELETE /api/bookings/5b37ec8468d3be70965a7765 HTTP/1.1" 200 178 "-" "PostmanRuntime/7.1.5"
::1 - - [10/Jul/2018:17:38:12 +0000] "GET /api/bookings HTTP/1.1" 200 792 "-" "PostmanRuntime/7.1.5"
::1 - - [10/Jul/2018:17:39:05 +0000] "DELETE /api/bookings/5b37ec8768d3be70965a7766 HTTP/1.1" 200 184 "-" "PostmanRuntime/7.1.5"
::1 - - [10/Jul/2018:17:39:07 +0000] "GET /api/bookings HTTP/1.1" 200 607 "-" "PostmanRuntime/7.1.5"
::1 - - [10/Jul/2018:17:39:18 +0000] "DELETE /api/bookings/5b38946093e0187ebb9611aa HTTP/1.1" 200 218 "-" "PostmanRuntime/7.1.5"
::1 - - [10/Jul/2018:17:40:15 +0000] "GET /api/bookings HTTP/1.1" 200 304 "-" "PostmanRuntime/7.1.5"
::1 - - [10/Jul/2018:17:40:21 +0000] "DELETE /api/bookings/5b38948a93e0187ebb9611ae HTTP/1.1" 200 218 "-" "PostmanRuntime/7.1.5"
::1 - - [10/Jul/2018:17:40:30 +0000] "GET /api/bookings HTTP/1.1" 200 2 "-" "PostmanRuntime/7.1.5"
::1 - - [10/Jul/2018:17:40:38 +0000] "POST /api/bookings HTTP/1.1" 200 217 "-" "PostmanRuntime/7.1.5"
::1 - - [10/Jul/2018:17:40:39 +0000] "POST /api/bookings HTTP/1.1" 200 217 "-" "PostmanRuntime/7.1.5"
::1 - - [10/Jul/2018:17:40:39 +0000] "POST /api/bookings HTTP/1.1" 200 217 "-" "PostmanRuntime/7.1.5"
::1 - - [10/Jul/2018:17:40:39 +0000] "POST /api/bookings HTTP/1.1" 200 217 "-" "PostmanRuntime/7.1.5"
::1 - - [10/Jul/2018:17:40:39 +0000] "POST /api/bookings HTTP/1.1" 200 217 "-" "PostmanRuntime/7.1.5"
::1 - - [10/Jul/2018:17:40:40 +0000] "POST /api/bookings HTTP/1.1" 200 217 "-" "PostmanRuntime/7.1.5"
::1 - - [10/Jul/2018:17:40:42 +0000] "GET /api/bookings HTTP/1.1" 200 1681 "-" "PostmanRuntime/7.1.5"
::1 - - [10/Jul/2018:17:41:56 +0000] "POST /api/bookings HTTP/1.1" 400 371 "-" "PostmanRuntime/7.1.5"
::1 - - [10/Jul/2018:17:43:37 +0000] "DELETE /api/bookings/5b38948a93e0187ebb9611ae HTTP/1.1" 200 4 "-" "PostmanRuntime/7.1.5"
::1 - - [10/Jul/2018:17:44:39 +0000] "DELETE /api/bookings/5b38948a93e0187ebb9611ae HTTP/1.1" 500 18 "-" "PostmanRuntime/7.1.5"
::1 - - [10/Jul/2018:17:46:09 +0000] "GET /api/bookings HTTP/1.1" 200 1681 "-" "PostmanRuntime/7.1.5"
::1 - - [10/Jul/2018:17:46:17 +0000] "DELETE /api/bookings/5b44ef967dd2ec1a4ca408e0 HTTP/1.1" 200 217 "-" "PostmanRuntime/7.1.5"
::1 - - [10/Jul/2018:17:47:47 +0000] "GET /api/bookings HTTP/1.1" 200 1401 "-" "PostmanRuntime/7.1.5"
::1 - - [10/Jul/2018:17:47:54 +0000] "DELETE /api/bookings/5b44ef977dd2ec1a4ca408e1 HTTP/1.1" 200 217 "-" "PostmanRuntime/7.1.5"
::1 - - [10/Jul/2018:17:48:28 +0000] "GET /api/bookings HTTP/1.1" 200 1121 "-" "PostmanRuntime/7.1.5"
::1 - - [10/Jul/2018:17:48:34 +0000] "DELETE /api/bookings/5b44ef977dd2ec1a4ca408e2 HTTP/1.1" 200 217 "-" "PostmanRuntime/7.1.5"
::1 - - [11/Jul/2018:11:40:41 +0000] "DELETE /api/bookings/5b44ef977dd2ec1a4ca408e2 HTTP/1.1" 500 18 "-" "PostmanRuntime/7.1.5"
::1 - - [11/Jul/2018:11:41:09 +0000] "GET /api/bookings HTTP/1.1" 200 841 "-" "PostmanRuntime/7.1.5"
::1 - - [11/Jul/2018:11:41:35 +0000] "DELETE /api/bookings/5b44ef977dd2ec1a4ca408e3 HTTP/1.1" 403 89 "-" "PostmanRuntime/7.1.5"
::1 - - [11/Jul/2018:11:44:31 +0000] "DELETE /api/bookings/5b44ef977dd2ec1a4ca408e3 HTTP/1.1" 500 18 "-" "PostmanRuntime/7.1.5"
::1 - - [11/Jul/2018:12:00:19 +0000] "DELETE /api/bookings/5b44ef977dd2ec1a4ca408e3 HTTP/1.1" 500 18 "-" "PostmanRuntime/7.1.5"
::1 - - [11/Jul/2018:12:00:40 +0000] "DELETE /api/bookings/5b44ef977dd2ec1a4ca408e3 HTTP/1.1" 500 18 "-" "PostmanRuntime/7.1.5"
::1 - - [11/Jul/2018:12:03:11 +0000] "DELETE /api/bookings/5b44ef977dd2ec1a4ca408e3 HTTP/1.1" 500 18 "-" "PostmanRuntime/7.1.5"
::1 - - [11/Jul/2018:12:24:18 +0000] "DELETE /api/bookings/5b44ef977dd2ec1a4ca408e3 HTTP/1.1" 500 17 "-" "PostmanRuntime/7.1.5"
::1 - - [11/Jul/2018:12:24:24 +0000] "DELETE /api/bookings/5b44ef977dd2ec1a4ca408e3 HTTP/1.1" 500 17 "-" "PostmanRuntime/7.1.5"
::1 - - [11/Jul/2018:12:24:48 +0000] "GET /api/bookings HTTP/1.1" 200 561 "-" "PostmanRuntime/7.1.5"
::1 - - [11/Jul/2018:12:24:54 +0000] "DELETE /api/bookings/5b44ef977dd2ec1a4ca408e3 HTTP/1.1" 500 17 "-" "PostmanRuntime/7.1.5"
::1 - - [11/Jul/2018:12:24:59 +0000] "GET /api/bookings HTTP/1.1" 200 561 "-" "PostmanRuntime/7.1.5"
::1 - - [11/Jul/2018:12:25:00 +0000] "GET /api/bookings HTTP/1.1" 200 561 "-" "PostmanRuntime/7.1.5"
::1 - - [11/Jul/2018:12:26:18 +0000] "DELETE /api/bookings/5b44ef977dd2ec1a4ca408e4 HTTP/1.1" 403 20 "-" "PostmanRuntime/7.1.5"
::1 - - [11/Jul/2018:12:26:31 +0000] "DELETE /api/bookings/5b44ef977dd2ec1a4ca408e4 HTTP/1.1" 403 47 "-" "PostmanRuntime/7.1.5"
::1 - - [11/Jul/2018:12:26:43 +0000] "DELETE /api/bookings/5b44ef977dd2ec1a4ca408e4 HTTP/1.1" 403 47 "-" "PostmanRuntime/7.1.5"
::1 - - [12/Jul/2018:08:11:51 +0000] "DELETE /api/bookings/5b44ef977dd2ec1a4ca408e4 HTTP/1.1" 403 47 "-" "PostmanRuntime/7.1.5"
::1 - - [12/Jul/2018:08:13:30 +0000] "DELETE /api/bookings/5b44ef977dd2ec1a4ca408e4 HTTP/1.1" 403 47 "-" "PostmanRuntime/7.1.5"
::1 - - [12/Jul/2018:09:19:03 +0000] "DELETE /api/bookings/5b44ef977dd2ec1a4ca408e4 HTTP/1.1" 403 47 "-" "PostmanRuntime/7.1.5"
::1 - - [19/Jul/2018:11:55:16 +0000] "GET /api/users HTTP/1.1" 200 1103 "-" "PostmanRuntime/7.1.5"
::1 - - [19/Jul/2018:11:55:58 +0000] "GET /api/users/5b37d5684c59c669eb4af518 HTTP/1.1" 500 2287 "-" "PostmanRuntime/7.1.5"
::1 - - [19/Jul/2018:11:56:27 +0000] "GET /api/users/5b37d5684c59c669eb4af518 HTTP/1.1" 200 147 "-" "PostmanRuntime/7.1.5"
::1 - - [19/Jul/2018:11:57:30 +0000] "POST /api/users HTTP/1.1" 400 55 "-" "PostmanRuntime/7.1.5"
::1 - - [19/Jul/2018:11:57:37 +0000] "POST /api/users HTTP/1.1" 200 202 "-" "PostmanRuntime/7.1.5"
::1 - - [19/Jul/2018:11:58:52 +0000] "DELETE /api/users/5b507cb17766c8167120becb HTTP/1.1" 200 202 "-" "PostmanRuntime/7.1.5"
::1 - - [19/Jul/2018:12:17:31 +0000] "GET /api/equipment HTTP/1.1" 200 365 "-" "PostmanRuntime/7.1.5"
::1 - - [19/Jul/2018:12:17:35 +0000] "GET /api/equipment/5b3897f99ca0e580ac90146c HTTP/1.1" 200 90 "-" "PostmanRuntime/7.1.5"
::1 - - [19/Jul/2018:12:17:39 +0000] "POST /api/equipment HTTP/1.1" 200 90 "-" "PostmanRuntime/7.1.5"
::1 - - [19/Jul/2018:12:17:43 +0000] "DELETE /api/equipment/5b37e7a483ba4d6e5f5fbbe1 HTTP/1.1" 200 4 "-" "PostmanRuntime/7.1.5"
::1 - - [19/Jul/2018:12:17:48 +0000] "GET /api/equipment HTTP/1.1" 200 456 "-" "PostmanRuntime/7.1.5"
::1 - - [19/Jul/2018:12:17:54 +0000] "DELETE /api/equipment/5b3897f99ca0e580ac90146c HTTP/1.1" 200 90 "-" "PostmanRuntime/7.1.5"
::1 - - [19/Jul/2018:12:20:35 +0000] "GET /api/bookings HTTP/1.1" 200 561 "-" "PostmanRuntime/7.1.5"
::1 - - [19/Jul/2018:12:20:37 +0000] "GET /api/bookings HTTP/1.1" 200 561 "-" "PostmanRuntime/7.1.5"
::1 - - [19/Jul/2018:12:21:17 +0000] "GET /api/bookings/5b44a3682d146d0a1f5762b2 HTTP/1.1" 200 4 "-" "PostmanRuntime/7.1.5"
::1 - - [19/Jul/2018:12:21:22 +0000] "GET /api/bookings HTTP/1.1" 200 561 "-" "PostmanRuntime/7.1.5"
::1 - - [19/Jul/2018:12:21:27 +0000] "GET /api/bookings/5b44ef977dd2ec1a4ca408e4 HTTP/1.1" 200 217 "-" "PostmanRuntime/7.1.5"
::1 - - [19/Jul/2018:12:33:53 +0000] "GET /api/equipment HTTP/1.1" 200 365 "-" "PostmanRuntime/7.1.5"
::1 - - [19/Jul/2018:15:43:32 +0000] "GET /api/users HTTP/1.1" 400 100 "-" "PostmanRuntime/7.1.5"
::1 - - [19/Jul/2018:15:44:43 +0000] "GET /api/users HTTP/1.1" 400 2 "-" "PostmanRuntime/7.1.5"
::1 - - [19/Jul/2018:15:45:04 +0000] "GET /api/users HTTP/1.1" 500 44 "-" "PostmanRuntime/7.1.5"
::1 - - [19/Jul/2018:15:45:14 +0000] "GET /api/users HTTP/1.1" 500 62 "-" "PostmanRuntime/7.1.5"
::1 - - [19/Jul/2018:15:48:10 +0000] "GET /api/users HTTP/1.1" 400 62 "-" "PostmanRuntime/7.1.5"
::1 - - [19/Jul/2018:15:48:25 +0000] "GET /api/users HTTP/1.1" 400 62 "-" "PostmanRuntime/7.1.5"
::1 - - [19/Jul/2018:15:48:26 +0000] "GET /api/users HTTP/1.1" 400 62 "-" "PostmanRuntime/7.1.5"
::1 - - [19/Jul/2018:15:48:37 +0000] "GET /api/users HTTP/1.1" 400 62 "-" "PostmanRuntime/7.1.5"
::1 - - [19/Jul/2018:15:48:44 +0000] "GET /api/users HTTP/1.1" 400 2 "-" "PostmanRuntime/7.1.5"
::1 - - [19/Jul/2018:15:49:02 +0000] "GET /api/users/5b37d5684c59c669eb4af518 HTTP/1.1" 500 60 "-" "PostmanRuntime/7.1.5"
::1 - - [19/Jul/2018:15:49:30 +0000] "GET /api/users/5b37d5684c59c669eb4af518 HTTP/1.1" 500 60 "-" "PostmanRuntime/7.1.5"
::1 - - [19/Jul/2018:15:50:09 +0000] "GET /api/users HTTP/1.1" 200 8 "-" "PostmanRuntime/7.1.5"
::1 - - [19/Jul/2018:15:50:17 +0000] "GET /api/users HTTP/1.1" 400 62 "-" "PostmanRuntime/7.1.5"
::1 - - [19/Jul/2018:15:50:25 +0000] "GET /api/users HTTP/1.1" 200 10 "-" "PostmanRuntime/7.1.5"
::1 - - [19/Jul/2018:15:50:26 +0000] "GET /api/users HTTP/1.1" 200 10 "-" "PostmanRuntime/7.1.5"
::1 - - [19/Jul/2018:15:50:26 +0000] "GET /api/users HTTP/1.1" 200 10 "-" "PostmanRuntime/7.1.5"
::1 - - [19/Jul/2018:15:50:27 +0000] "GET /api/users HTTP/1.1" 200 10 "-" "PostmanRuntime/7.1.5"
::1 - - [19/Jul/2018:15:50:49 +0000] "GET /api/users HTTP/1.1" 200 1103 "-" "PostmanRuntime/7.1.5"
::1 - - [19/Jul/2018:15:51:29 +0000] "GET /api/users HTTP/1.1" 400 62 "-" "PostmanRuntime/7.1.5"
::1 - - [19/Jul/2018:15:51:35 +0000] "GET /api/users HTTP/1.1" 400 62 "-" "PostmanRuntime/7.1.5"
::1 - - [19/Jul/2018:15:51:36 +0000] "GET /api/users HTTP/1.1" 400 62 "-" "PostmanRuntime/7.1.5"
::1 - - [19/Jul/2018:15:52:51 +0000] "GET /api/users HTTP/1.1" 200 1103 "-" "PostmanRuntime/7.1.5"
::1 - - [19/Jul/2018:15:52:55 +0000] "GET /api/users HTTP/1.1" 200 1103 "-" "PostmanRuntime/7.1.5"
::1 - - [19/Jul/2018:15:53:43 +0000] "GET /api/users HTTP/1.1" 200 1103 "-" "PostmanRuntime/7.1.5"
::1 - - [19/Jul/2018:15:54:19 +0000] "GET /api/users HTTP/1.1" 400 62 "-" "PostmanRuntime/7.1.5"
::1 - - [19/Jul/2018:16:02:36 +0000] "GET /api/users HTTP/1.1" - - "-" "PostmanRuntime/7.1.5"
::1 - - [19/Jul/2018:16:02:47 +0000] "GET /api/users HTTP/1.1" 200 1103 "-" "PostmanRuntime/7.1.5"
::1 - - [19/Jul/2018:16:03:20 +0000] "GET /api/users HTTP/1.1" 500 61 "-" "PostmanRuntime/7.1.5"
::1 - - [19/Jul/2018:16:03:24 +0000] "GET /api/users HTTP/1.1" 500 61 "-" "PostmanRuntime/7.1.5"
::1 - - [19/Jul/2018:17:49:30 +0000] "GET /api/users HTTP/1.1" - - "-" "PostmanRuntime/7.1.5"
::1 - - [19/Jul/2018:17:49:36 +0000] "POST /api/users HTTP/1.1" - - "-" "PostmanRuntime/7.1.5"
::1 - - [19/Jul/2018:18:29:42 +0000] "POST /api/users HTTP/1.1" 400 55 "-" "PostmanRuntime/7.1.5"
::1 - - [19/Jul/2018:18:29:48 +0000] "GET /api/users HTTP/1.1" 200 1103 "-" "PostmanRuntime/7.1.5"
::1 - - [19/Jul/2018:18:32:01 +0000] "POST /api/users HTTP/1.1" - - "-" "PostmanRuntime/7.1.5"
::1 - - [19/Jul/2018:18:33:20 +0000] "GET /api/users HTTP/1.1" 200 1103 "-" "PostmanRuntime/7.1.5"
::1 - - [19/Jul/2018:18:33:53 +0000] "GET /api/users HTTP/1.1" 500 61 "-" "PostmanRuntime/7.1.5"
::1 - - [19/Jul/2018:18:34:20 +0000] "POST /api/users HTTP/1.1" 200 211 "-" "PostmanRuntime/7.1.5"
::1 - - [19/Jul/2018:18:36:22 +0000] "POST /api/users HTTP/1.1" 500 61 "-" "PostmanRuntime/7.1.5"
::1 - - [19/Jul/2018:18:38:07 +0000] "GET /api/users HTTP/1.1" 200 1315 "-" "PostmanRuntime/7.1.5"
::1 - - [19/Jul/2018:18:38:15 +0000] "DELETE /api/users/5b37d5684c59c669eb4af518 HTTP/1.1" 500 61 "-" "PostmanRuntime/7.1.5"
::1 - - [19/Jul/2018:18:40:38 +0000] "DELETE /api/users/5b37d5684c59c669eb4af518 HTTP/1.1" 500 61 "-" "PostmanRuntime/7.1.5"
::1 - - [19/Jul/2018:18:40:49 +0000] "DELETE /api/users/5b37d5684c59c669eb4af518 HTTP/1.1" 500 61 "-" "PostmanRuntime/7.1.5"
::1 - - [19/Jul/2018:18:41:06 +0000] "DELETE /api/users/5b37d5684c59c669eb4af518 HTTP/1.1" 200 4 "-" "PostmanRuntime/7.1.5"
::1 - - [19/Jul/2018:18:43:44 +0000] "GET /api/users HTTP/1.1" 403 43 "-" "PostmanRuntime/7.1.5"
::1 - - [19/Jul/2018:18:43:48 +0000] "GET /api/users HTTP/1.1" 200 1167 "-" "PostmanRuntime/7.1.5"
::1 - - [19/Jul/2018:19:48:00 +0000] "POST /api/users HTTP/1.1" 400 55 "-" "PostmanRuntime/7.1.5"
::1 - - [19/Jul/2018:20:12:01 +0000] "POST /api/users HTTP/1.1" 400 55 "-" "PostmanRuntime/7.1.5"
::1 - - [20/Jul/2018:11:29:24 +0000] "POST /api/users HTTP/1.1" 400 55 "-" "PostmanRuntime/7.1.5"
::1 - - [20/Jul/2018:12:25:21 +0000] "POST /api/users HTTP/1.1" 400 55 "-" "PostmanRuntime/7.1.5"
::1 - - [20/Jul/2018:12:25:21 +0000] "POST /api/users HTTP/1.1" 400 55 "-" "PostmanRuntime/7.1.5"
::1 - - [20/Jul/2018:12:25:22 +0000] "POST /api/users HTTP/1.1" 400 55 "-" "PostmanRuntime/7.1.5"
::1 - - [20/Jul/2018:13:17:41 +0000] "GET /api/users HTTP/1.1" 200 1167 "-" "PostmanRuntime/7.1.5"
::1 - - [20/Jul/2018:13:20:15 +0000] "POST /api/auth/login HTTP/1.1" 200 - "-" "PostmanRuntime/7.1.5"
::1 - - [20/Jul/2018:13:20:23 +0000] "POST /api/auth/login HTTP/1.1" 200 - "-" "PostmanRuntime/7.1.5"
::1 - - [20/Jul/2018:13:20:39 +0000] "POST /api/auth/login HTTP/1.1" 200 - "-" "PostmanRuntime/7.1.5"
::1 - - [20/Jul/2018:13:22:48 +0000] "POST /api/auth/login HTTP/1.1" 200 - "-" "PostmanRuntime/7.1.5"
::1 - - [20/Jul/2018:13:23:34 +0000] "POST /api/auth/login HTTP/1.1" 200 - "-" "PostmanRuntime/7.1.5"
::1 - - [20/Jul/2018:13:51:01 +0000] "POST /api/auth/login HTTP/1.1" 200 - "-" "PostmanRuntime/7.1.5"
::1 - - [20/Jul/2018:13:51:22 +0000] "POST /api/auth/login HTTP/1.1" 200 - "-" "PostmanRuntime/7.1.5"
::1 - - [20/Jul/2018:13:51:39 +0000] "POST /api/auth/login HTTP/1.1" 200 - "-" "PostmanRuntime/7.1.5"
::1 - - [20/Jul/2018:13:55:29 +0000] "POST /api/auth/login HTTP/1.1" 200 - "-" "PostmanRuntime/7.1.5"
::1 - - [20/Jul/2018:14:09:53 +0000] "POST /api/auth/login HTTP/1.1" 200 - "-" "PostmanRuntime/7.1.5"
::1 - - [21/Jul/2018:09:10:21 +0000] "GET /api/users HTTP/1.1" 200 1167 "-" "PostmanRuntime/7.1.5"
::1 - - [23/Jul/2018:07:36:16 +0000] "GET /api/users HTTP/1.1" 200 1167 "-" "PostmanRuntime/7.1.5"
::1 - - [23/Jul/2018:07:36:23 +0000] "GET /api/users HTTP/1.1" 200 1167 "-" "PostmanRuntime/7.1.5"
::1 - - [23/Jul/2018:07:36:33 +0000] "GET /api/users HTTP/1.1" 404 148 "-" "PostmanRuntime/7.1.5"
